The system is: Linux - 5.4.0-122-generic - x86_64
Compiling the C compiler identification source file "CMakeCCompilerId.c" succeeded.
Compiler: /usr/bin/cc 
Build flags: 
Id flags:  

The output was:
0


Compilation of the C compiler identification source "CMakeCCompilerId.c" produced "a.out"

The C compiler identification is GNU, found in "/home/daniel/bdm_dynamic/CacheLib/build-zstd/CMakeFiles/3.13.4/CompilerIdC/a.out"

Compiling the CXX compiler identification source file "CMakeCXXCompilerId.cpp" succeeded.
Compiler: /usr/bin/c++ 
Build flags: 
Id flags:  

The output was:
0


Compilation of the CXX compiler identification source "CMakeCXXCompilerId.cpp" produced "a.out"

The CXX compiler identification is GNU, found in "/home/daniel/bdm_dynamic/CacheLib/build-zstd/CMakeFiles/3.13.4/CompilerIdCXX/a.out"

Determining if the C compiler works passed with the following output:
Change Dir: /home/daniel/bdm_dynamic/CacheLib/build-zstd/CMakeFiles/CMakeTmp

Run Build Command:"/usr/bin/make" "cmTC_07aef/fast"
/usr/bin/make -f CMakeFiles/cmTC_07aef.dir/build.make CMakeFiles/cmTC_07aef.dir/build
make[1]: Entering directory '/home/daniel/bdm_dynamic/CacheLib/build-zstd/CMakeFiles/CMakeTmp'
Building C object CMakeFiles/cmTC_07aef.dir/testCCompiler.c.o
/usr/bin/cc    -o CMakeFiles/cmTC_07aef.dir/testCCompiler.c.o   -c /home/daniel/bdm_dynamic/CacheLib/build-zstd/CMakeFiles/CMakeTmp/testCCompiler.c
Linking C executable cmTC_07aef
/usr/local/bin/cmake -E cmake_link_script CMakeFiles/cmTC_07aef.dir/link.txt --verbose=1
/usr/bin/cc      CMakeFiles/cmTC_07aef.dir/testCCompiler.c.o  -o cmTC_07aef 
make[1]: Leaving directory '/home/daniel/bdm_dynamic/CacheLib/build-zstd/CMakeFiles/CMakeTmp'


Detecting C compiler ABI info compiled with the following output:
Change Dir: /home/daniel/bdm_dynamic/CacheLib/build-zstd/CMakeFiles/CMakeTmp

Run Build Command:"/usr/bin/make" "cmTC_bea16/fast"
/usr/bin/make -f CMakeFiles/cmTC_bea16.dir/build.make CMakeFiles/cmTC_bea16.dir/build
make[1]: Entering directory '/home/daniel/bdm_dynamic/CacheLib/build-zstd/CMakeFiles/CMakeTmp'
Building C object CMakeFiles/cmTC_bea16.dir/CMakeCCompilerABI.c.o
/usr/bin/cc    -o CMakeFiles/cmTC_bea16.dir/CMakeCCompilerABI.c.o   -c /usr/local/share/cmake-3.13/Modules/CMakeCCompilerABI.c
Linking C executable cmTC_bea16
/usr/local/bin/cmake -E cmake_link_script CMakeFiles/cmTC_bea16.dir/link.txt --verbose=1
/usr/bin/cc     -v CMakeFiles/cmTC_bea16.dir/CMakeCCompilerABI.c.o  -o cmTC_bea16 
Using built-in specs.
COLLECT_GCC=/usr/bin/cc
COLLECT_LTO_WRAPPER=/usr/lib/gcc/x86_64-linux-gnu/9/lto-wrapper
OFFLOAD_TARGET_NAMES=nvptx-none:hsa
OFFLOAD_TARGET_DEFAULT=1
Target: x86_64-linux-gnu
Configured with: ../src/configure -v --with-pkgversion='Ubuntu 9.4.0-1ubuntu1~20.04.1' --with-bugurl=file:///usr/share/doc/gcc-9/README.Bugs --enable-languages=c,ada,c++,go,brig,d,fortran,objc,obj-c++,gm2 --prefix=/usr --with-gcc-major-version-only --program-suffix=-9 --program-prefix=x86_64-linux-gnu- --enable-shared --enable-linker-build-id --libexecdir=/usr/lib --without-included-gettext --enable-threads=posix --libdir=/usr/lib --enable-nls --enable-clocale=gnu --enable-libstdcxx-debug --enable-libstdcxx-time=yes --with-default-libstdcxx-abi=new --enable-gnu-unique-object --disable-vtable-verify --enable-plugin --enable-default-pie --with-system-zlib --with-target-system-zlib=auto --enable-objc-gc=auto --enable-multiarch --disable-werror --with-arch-32=i686 --with-abi=m64 --with-multilib-list=m32,m64,mx32 --enable-multilib --with-tune=generic --enable-offload-targets=nvptx-none=/build/gcc-9-Av3uEd/gcc-9-9.4.0/debian/tmp-nvptx/usr,hsa --without-cuda-driver --enable-checking=release --build=x86_64-linux-gnu --host=x86_64-linux-gnu --target=x86_64-linux-gnu
Thread model: posix
gcc version 9.4.0 (Ubuntu 9.4.0-1ubuntu1~20.04.1) 
COMPILER_PATH=/usr/lib/gcc/x86_64-linux-gnu/9/:/usr/lib/gcc/x86_64-linux-gnu/9/:/usr/lib/gcc/x86_64-linux-gnu/:/usr/lib/gcc/x86_64-linux-gnu/9/:/usr/lib/gcc/x86_64-linux-gnu/
LIBRARY_PATH=/usr/lib/gcc/x86_64-linux-gnu/9/:/usr/lib/gcc/x86_64-linux-gnu/9/../../../x86_64-linux-gnu/:/usr/lib/gcc/x86_64-linux-gnu/9/../../../../lib/:/lib/x86_64-linux-gnu/:/lib/../lib/:/usr/lib/x86_64-linux-gnu/:/usr/lib/../lib/:/usr/lib/gcc/x86_64-linux-gnu/9/../../../:/lib/:/usr/lib/
COLLECT_GCC_OPTIONS='-v' '-o' 'cmTC_bea16' '-mtune=generic' '-march=x86-64'
 /usr/lib/gcc/x86_64-linux-gnu/9/collect2 -plugin /usr/lib/gcc/x86_64-linux-gnu/9/liblto_plugin.so -plugin-opt=/usr/lib/gcc/x86_64-linux-gnu/9/lto-wrapper -plugin-opt=-fresolution=/tmp/cc6g1Xh5.res -plugin-opt=-pass-through=-lgcc -plugin-opt=-pass-through=-lgcc_s -plugin-opt=-pass-through=-lc -plugin-opt=-pass-through=-lgcc -plugin-opt=-pass-through=-lgcc_s --build-id --eh-frame-hdr -m elf_x86_64 --hash-style=gnu --as-needed -dynamic-linker /lib64/ld-linux-x86-64.so.2 -pie -z now -z relro -o cmTC_bea16 /usr/lib/gcc/x86_64-linux-gnu/9/../../../x86_64-linux-gnu/Scrt1.o /usr/lib/gcc/x86_64-linux-gnu/9/../../../x86_64-linux-gnu/crti.o /usr/lib/gcc/x86_64-linux-gnu/9/crtbeginS.o -L/usr/lib/gcc/x86_64-linux-gnu/9 -L/usr/lib/gcc/x86_64-linux-gnu/9/../../../x86_64-linux-gnu -L/usr/lib/gcc/x86_64-linux-gnu/9/../../../../lib -L/lib/x86_64-linux-gnu -L/lib/../lib -L/usr/lib/x86_64-linux-gnu -L/usr/lib/../lib -L/usr/lib/gcc/x86_64-linux-gnu/9/../../.. CMakeFiles/cmTC_bea16.dir/CMakeCCompilerABI.c.o -lgcc --push-state --as-needed -lgcc_s --pop-state -lc -lgcc --push-state --as-needed -lgcc_s --pop-state /usr/lib/gcc/x86_64-linux-gnu/9/crtendS.o /usr/lib/gcc/x86_64-linux-gnu/9/../../../x86_64-linux-gnu/crtn.o
COLLECT_GCC_OPTIONS='-v' '-o' 'cmTC_bea16' '-mtune=generic' '-march=x86-64'
make[1]: Leaving directory '/home/daniel/bdm_dynamic/CacheLib/build-zstd/CMakeFiles/CMakeTmp'


Parsed C implicit link information from above output:
  link line regex: [^( *|.*[/\])(ld|CMAKE_LINK_STARTFILE-NOTFOUND|([^/\]+-)?ld|collect2)[^/\]*( |$)]
  ignore line: [Change Dir: /home/daniel/bdm_dynamic/CacheLib/build-zstd/CMakeFiles/CMakeTmp]
  ignore line: []
  ignore line: [Run Build Command:"/usr/bin/make" "cmTC_bea16/fast"]
  ignore line: [/usr/bin/make -f CMakeFiles/cmTC_bea16.dir/build.make CMakeFiles/cmTC_bea16.dir/build]
  ignore line: [make[1]: Entering directory '/home/daniel/bdm_dynamic/CacheLib/build-zstd/CMakeFiles/CMakeTmp']
  ignore line: [Building C object CMakeFiles/cmTC_bea16.dir/CMakeCCompilerABI.c.o]
  ignore line: [/usr/bin/cc    -o CMakeFiles/cmTC_bea16.dir/CMakeCCompilerABI.c.o   -c /usr/local/share/cmake-3.13/Modules/CMakeCCompilerABI.c]
  ignore line: [Linking C executable cmTC_bea16]
  ignore line: [/usr/local/bin/cmake -E cmake_link_script CMakeFiles/cmTC_bea16.dir/link.txt --verbose=1]
  ignore line: [/usr/bin/cc     -v CMakeFiles/cmTC_bea16.dir/CMakeCCompilerABI.c.o  -o cmTC_bea16 ]
  ignore line: [Using built-in specs.]
  ignore line: [COLLECT_GCC=/usr/bin/cc]
  ignore line: [COLLECT_LTO_WRAPPER=/usr/lib/gcc/x86_64-linux-gnu/9/lto-wrapper]
  ignore line: [OFFLOAD_TARGET_NAMES=nvptx-none:hsa]
  ignore line: [OFFLOAD_TARGET_DEFAULT=1]
  ignore line: [Target: x86_64-linux-gnu]
  ignore line: [Configured with: ../src/configure -v --with-pkgversion='Ubuntu 9.4.0-1ubuntu1~20.04.1' --with-bugurl=file:///usr/share/doc/gcc-9/README.Bugs --enable-languages=c,ada,c++,go,brig,d,fortran,objc,obj-c++,gm2 --prefix=/usr --with-gcc-major-version-only --program-suffix=-9 --program-prefix=x86_64-linux-gnu- --enable-shared --enable-linker-build-id --libexecdir=/usr/lib --without-included-gettext --enable-threads=posix --libdir=/usr/lib --enable-nls --enable-clocale=gnu --enable-libstdcxx-debug --enable-libstdcxx-time=yes --with-default-libstdcxx-abi=new --enable-gnu-unique-object --disable-vtable-verify --enable-plugin --enable-default-pie --with-system-zlib --with-target-system-zlib=auto --enable-objc-gc=auto --enable-multiarch --disable-werror --with-arch-32=i686 --with-abi=m64 --with-multilib-list=m32,m64,mx32 --enable-multilib --with-tune=generic --enable-offload-targets=nvptx-none=/build/gcc-9-Av3uEd/gcc-9-9.4.0/debian/tmp-nvptx/usr,hsa --without-cuda-driver --enable-checking=release --build=x86_64-linux-gnu --host=x86_64-linux-gnu --target=x86_64-linux-gnu]
  ignore line: [Thread model: posix]
  ignore line: [gcc version 9.4.0 (Ubuntu 9.4.0-1ubuntu1~20.04.1) ]
  ignore line: [COMPILER_PATH=/usr/lib/gcc/x86_64-linux-gnu/9/:/usr/lib/gcc/x86_64-linux-gnu/9/:/usr/lib/gcc/x86_64-linux-gnu/:/usr/lib/gcc/x86_64-linux-gnu/9/:/usr/lib/gcc/x86_64-linux-gnu/]
  ignore line: [LIBRARY_PATH=/usr/lib/gcc/x86_64-linux-gnu/9/:/usr/lib/gcc/x86_64-linux-gnu/9/../../../x86_64-linux-gnu/:/usr/lib/gcc/x86_64-linux-gnu/9/../../../../lib/:/lib/x86_64-linux-gnu/:/lib/../lib/:/usr/lib/x86_64-linux-gnu/:/usr/lib/../lib/:/usr/lib/gcc/x86_64-linux-gnu/9/../../../:/lib/:/usr/lib/]
  ignore line: [COLLECT_GCC_OPTIONS='-v' '-o' 'cmTC_bea16' '-mtune=generic' '-march=x86-64']
  link line: [ /usr/lib/gcc/x86_64-linux-gnu/9/collect2 -plugin /usr/lib/gcc/x86_64-linux-gnu/9/liblto_plugin.so -plugin-opt=/usr/lib/gcc/x86_64-linux-gnu/9/lto-wrapper -plugin-opt=-fresolution=/tmp/cc6g1Xh5.res -plugin-opt=-pass-through=-lgcc -plugin-opt=-pass-through=-lgcc_s -plugin-opt=-pass-through=-lc -plugin-opt=-pass-through=-lgcc -plugin-opt=-pass-through=-lgcc_s --build-id --eh-frame-hdr -m elf_x86_64 --hash-style=gnu --as-needed -dynamic-linker /lib64/ld-linux-x86-64.so.2 -pie -z now -z relro -o cmTC_bea16 /usr/lib/gcc/x86_64-linux-gnu/9/../../../x86_64-linux-gnu/Scrt1.o /usr/lib/gcc/x86_64-linux-gnu/9/../../../x86_64-linux-gnu/crti.o /usr/lib/gcc/x86_64-linux-gnu/9/crtbeginS.o -L/usr/lib/gcc/x86_64-linux-gnu/9 -L/usr/lib/gcc/x86_64-linux-gnu/9/../../../x86_64-linux-gnu -L/usr/lib/gcc/x86_64-linux-gnu/9/../../../../lib -L/lib/x86_64-linux-gnu -L/lib/../lib -L/usr/lib/x86_64-linux-gnu -L/usr/lib/../lib -L/usr/lib/gcc/x86_64-linux-gnu/9/../../.. CMakeFiles/cmTC_bea16.dir/CMakeCCompilerABI.c.o -lgcc --push-state --as-needed -lgcc_s --pop-state -lc -lgcc --push-state --as-needed -lgcc_s --pop-state /usr/lib/gcc/x86_64-linux-gnu/9/crtendS.o /usr/lib/gcc/x86_64-linux-gnu/9/../../../x86_64-linux-gnu/crtn.o]
    arg [/usr/lib/gcc/x86_64-linux-gnu/9/collect2] ==> ignore
    arg [-plugin] ==> ignore
    arg [/usr/lib/gcc/x86_64-linux-gnu/9/liblto_plugin.so] ==> ignore
    arg [-plugin-opt=/usr/lib/gcc/x86_64-linux-gnu/9/lto-wrapper] ==> ignore
    arg [-plugin-opt=-fresolution=/tmp/cc6g1Xh5.res] ==> ignore
    arg [-plugin-opt=-pass-through=-lgcc] ==> ignore
    arg [-plugin-opt=-pass-through=-lgcc_s] ==> ignore
    arg [-plugin-opt=-pass-through=-lc] ==> ignore
    arg [-plugin-opt=-pass-through=-lgcc] ==> ignore
    arg [-plugin-opt=-pass-through=-lgcc_s] ==> ignore
    arg [--build-id] ==> ignore
    arg [--eh-frame-hdr] ==> ignore
    arg [-m] ==> ignore
    arg [elf_x86_64] ==> ignore
    arg [--hash-style=gnu] ==> ignore
    arg [--as-needed] ==> ignore
    arg [-dynamic-linker] ==> ignore
    arg [/lib64/ld-linux-x86-64.so.2] ==> ignore
    arg [-pie] ==> ignore
    arg [-znow] ==> ignore
    arg [-zrelro] ==> ignore
    arg [-o] ==> ignore
    arg [cmTC_bea16] ==> ignore
    arg [/usr/lib/gcc/x86_64-linux-gnu/9/../../../x86_64-linux-gnu/Scrt1.o] ==> ignore
    arg [/usr/lib/gcc/x86_64-linux-gnu/9/../../../x86_64-linux-gnu/crti.o] ==> ignore
    arg [/usr/lib/gcc/x86_64-linux-gnu/9/crtbeginS.o] ==> ignore
    arg [-L/usr/lib/gcc/x86_64-linux-gnu/9] ==> dir [/usr/lib/gcc/x86_64-linux-gnu/9]
    arg [-L/usr/lib/gcc/x86_64-linux-gnu/9/../../../x86_64-linux-gnu] ==> dir [/usr/lib/gcc/x86_64-linux-gnu/9/../../../x86_64-linux-gnu]
    arg [-L/usr/lib/gcc/x86_64-linux-gnu/9/../../../../lib] ==> dir [/usr/lib/gcc/x86_64-linux-gnu/9/../../../../lib]
    arg [-L/lib/x86_64-linux-gnu] ==> dir [/lib/x86_64-linux-gnu]
    arg [-L/lib/../lib] ==> dir [/lib/../lib]
    arg [-L/usr/lib/x86_64-linux-gnu] ==> dir [/usr/lib/x86_64-linux-gnu]
    arg [-L/usr/lib/../lib] ==> dir [/usr/lib/../lib]
    arg [-L/usr/lib/gcc/x86_64-linux-gnu/9/../../..] ==> dir [/usr/lib/gcc/x86_64-linux-gnu/9/../../..]
    arg [CMakeFiles/cmTC_bea16.dir/CMakeCCompilerABI.c.o] ==> ignore
    arg [-lgcc] ==> lib [gcc]
    arg [--push-state] ==> ignore
    arg [--as-needed] ==> ignore
    arg [-lgcc_s] ==> lib [gcc_s]
    arg [--pop-state] ==> ignore
    arg [-lc] ==> lib [c]
    arg [-lgcc] ==> lib [gcc]
    arg [--push-state] ==> ignore
    arg [--as-needed] ==> ignore
    arg [-lgcc_s] ==> lib [gcc_s]
    arg [--pop-state] ==> ignore
    arg [/usr/lib/gcc/x86_64-linux-gnu/9/crtendS.o] ==> ignore
    arg [/usr/lib/gcc/x86_64-linux-gnu/9/../../../x86_64-linux-gnu/crtn.o] ==> ignore
  collapse library dir [/usr/lib/gcc/x86_64-linux-gnu/9] ==> [/usr/lib/gcc/x86_64-linux-gnu/9]
  collapse library dir [/usr/lib/gcc/x86_64-linux-gnu/9/../../../x86_64-linux-gnu] ==> [/usr/lib/x86_64-linux-gnu]
  collapse library dir [/usr/lib/gcc/x86_64-linux-gnu/9/../../../../lib] ==> [/usr/lib]
  collapse library dir [/lib/x86_64-linux-gnu] ==> [/lib/x86_64-linux-gnu]
  collapse library dir [/lib/../lib] ==> [/lib]
  collapse library dir [/usr/lib/x86_64-linux-gnu] ==> [/usr/lib/x86_64-linux-gnu]
  collapse library dir [/usr/lib/../lib] ==> [/usr/lib]
  collapse library dir [/usr/lib/gcc/x86_64-linux-gnu/9/../../..] ==> [/usr/lib]
  implicit libs: [gcc;gcc_s;c;gcc;gcc_s]
  implicit dirs: [/usr/lib/gcc/x86_64-linux-gnu/9;/usr/lib/x86_64-linux-gnu;/usr/lib;/lib/x86_64-linux-gnu;/lib]
  implicit fwks: []




Detecting C [-std=c11] compiler features compiled with the following output:
Change Dir: /home/daniel/bdm_dynamic/CacheLib/build-zstd/CMakeFiles/CMakeTmp

Run Build Command:"/usr/bin/make" "cmTC_4d9f1/fast"
/usr/bin/make -f CMakeFiles/cmTC_4d9f1.dir/build.make CMakeFiles/cmTC_4d9f1.dir/build
make[1]: Entering directory '/home/daniel/bdm_dynamic/CacheLib/build-zstd/CMakeFiles/CMakeTmp'
Building C object CMakeFiles/cmTC_4d9f1.dir/feature_tests.c.o
/usr/bin/cc   -std=c11 -o CMakeFiles/cmTC_4d9f1.dir/feature_tests.c.o   -c /home/daniel/bdm_dynamic/CacheLib/build-zstd/CMakeFiles/feature_tests.c
Linking C executable cmTC_4d9f1
/usr/local/bin/cmake -E cmake_link_script CMakeFiles/cmTC_4d9f1.dir/link.txt --verbose=1
/usr/bin/cc      CMakeFiles/cmTC_4d9f1.dir/feature_tests.c.o  -o cmTC_4d9f1 
make[1]: Leaving directory '/home/daniel/bdm_dynamic/CacheLib/build-zstd/CMakeFiles/CMakeTmp'


    Feature record: C_FEATURE:1c_function_prototypes
    Feature record: C_FEATURE:1c_restrict
    Feature record: C_FEATURE:1c_static_assert
    Feature record: C_FEATURE:1c_variadic_macros


Detecting C [-std=c99] compiler features compiled with the following output:
Change Dir: /home/daniel/bdm_dynamic/CacheLib/build-zstd/CMakeFiles/CMakeTmp

Run Build Command:"/usr/bin/make" "cmTC_8079b/fast"
/usr/bin/make -f CMakeFiles/cmTC_8079b.dir/build.make CMakeFiles/cmTC_8079b.dir/build
make[1]: Entering directory '/home/daniel/bdm_dynamic/CacheLib/build-zstd/CMakeFiles/CMakeTmp'
Building C object CMakeFiles/cmTC_8079b.dir/feature_tests.c.o
/usr/bin/cc   -std=c99 -o CMakeFiles/cmTC_8079b.dir/feature_tests.c.o   -c /home/daniel/bdm_dynamic/CacheLib/build-zstd/CMakeFiles/feature_tests.c
Linking C executable cmTC_8079b
/usr/local/bin/cmake -E cmake_link_script CMakeFiles/cmTC_8079b.dir/link.txt --verbose=1
/usr/bin/cc      CMakeFiles/cmTC_8079b.dir/feature_tests.c.o  -o cmTC_8079b 
make[1]: Leaving directory '/home/daniel/bdm_dynamic/CacheLib/build-zstd/CMakeFiles/CMakeTmp'


    Feature record: C_FEATURE:1c_function_prototypes
    Feature record: C_FEATURE:1c_restrict
    Feature record: C_FEATURE:0c_static_assert
    Feature record: C_FEATURE:1c_variadic_macros


Detecting C [-std=c90] compiler features compiled with the following output:
Change Dir: /home/daniel/bdm_dynamic/CacheLib/build-zstd/CMakeFiles/CMakeTmp

Run Build Command:"/usr/bin/make" "cmTC_93445/fast"
/usr/bin/make -f CMakeFiles/cmTC_93445.dir/build.make CMakeFiles/cmTC_93445.dir/build
make[1]: Entering directory '/home/daniel/bdm_dynamic/CacheLib/build-zstd/CMakeFiles/CMakeTmp'
Building C object CMakeFiles/cmTC_93445.dir/feature_tests.c.o
/usr/bin/cc   -std=c90 -o CMakeFiles/cmTC_93445.dir/feature_tests.c.o   -c /home/daniel/bdm_dynamic/CacheLib/build-zstd/CMakeFiles/feature_tests.c
Linking C executable cmTC_93445
/usr/local/bin/cmake -E cmake_link_script CMakeFiles/cmTC_93445.dir/link.txt --verbose=1
/usr/bin/cc      CMakeFiles/cmTC_93445.dir/feature_tests.c.o  -o cmTC_93445 
make[1]: Leaving directory '/home/daniel/bdm_dynamic/CacheLib/build-zstd/CMakeFiles/CMakeTmp'


    Feature record: C_FEATURE:1c_function_prototypes
    Feature record: C_FEATURE:0c_restrict
    Feature record: C_FEATURE:0c_static_assert
    Feature record: C_FEATURE:0c_variadic_macros
Determining if the CXX compiler works passed with the following output:
Change Dir: /home/daniel/bdm_dynamic/CacheLib/build-zstd/CMakeFiles/CMakeTmp

Run Build Command:"/usr/bin/make" "cmTC_55b75/fast"
/usr/bin/make -f CMakeFiles/cmTC_55b75.dir/build.make CMakeFiles/cmTC_55b75.dir/build
make[1]: Entering directory '/home/daniel/bdm_dynamic/CacheLib/build-zstd/CMakeFiles/CMakeTmp'
Building CXX object CMakeFiles/cmTC_55b75.dir/testCXXCompiler.cxx.o
/usr/bin/c++     -o CMakeFiles/cmTC_55b75.dir/testCXXCompiler.cxx.o -c /home/daniel/bdm_dynamic/CacheLib/build-zstd/CMakeFiles/CMakeTmp/testCXXCompiler.cxx
Linking CXX executable cmTC_55b75
/usr/local/bin/cmake -E cmake_link_script CMakeFiles/cmTC_55b75.dir/link.txt --verbose=1
/usr/bin/c++       CMakeFiles/cmTC_55b75.dir/testCXXCompiler.cxx.o  -o cmTC_55b75 
make[1]: Leaving directory '/home/daniel/bdm_dynamic/CacheLib/build-zstd/CMakeFiles/CMakeTmp'


Detecting CXX compiler ABI info compiled with the following output:
Change Dir: /home/daniel/bdm_dynamic/CacheLib/build-zstd/CMakeFiles/CMakeTmp

Run Build Command:"/usr/bin/make" "cmTC_e1b9a/fast"
/usr/bin/make -f CMakeFiles/cmTC_e1b9a.dir/build.make CMakeFiles/cmTC_e1b9a.dir/build
make[1]: Entering directory '/home/daniel/bdm_dynamic/CacheLib/build-zstd/CMakeFiles/CMakeTmp'
Building CXX object CMakeFiles/cmTC_e1b9a.dir/CMakeCXXCompilerABI.cpp.o
/usr/bin/c++     -o CMakeFiles/cmTC_e1b9a.dir/CMakeCXXCompilerABI.cpp.o -c /usr/local/share/cmake-3.13/Modules/CMakeCXXCompilerABI.cpp
Linking CXX executable cmTC_e1b9a
/usr/local/bin/cmake -E cmake_link_script CMakeFiles/cmTC_e1b9a.dir/link.txt --verbose=1
/usr/bin/c++      -v CMakeFiles/cmTC_e1b9a.dir/CMakeCXXCompilerABI.cpp.o  -o cmTC_e1b9a 
Using built-in specs.
COLLECT_GCC=/usr/bin/c++
COLLECT_LTO_WRAPPER=/usr/lib/gcc/x86_64-linux-gnu/9/lto-wrapper
OFFLOAD_TARGET_NAMES=nvptx-none:hsa
OFFLOAD_TARGET_DEFAULT=1
Target: x86_64-linux-gnu
Configured with: ../src/configure -v --with-pkgversion='Ubuntu 9.4.0-1ubuntu1~20.04.1' --with-bugurl=file:///usr/share/doc/gcc-9/README.Bugs --enable-languages=c,ada,c++,go,brig,d,fortran,objc,obj-c++,gm2 --prefix=/usr --with-gcc-major-version-only --program-suffix=-9 --program-prefix=x86_64-linux-gnu- --enable-shared --enable-linker-build-id --libexecdir=/usr/lib --without-included-gettext --enable-threads=posix --libdir=/usr/lib --enable-nls --enable-clocale=gnu --enable-libstdcxx-debug --enable-libstdcxx-time=yes --with-default-libstdcxx-abi=new --enable-gnu-unique-object --disable-vtable-verify --enable-plugin --enable-default-pie --with-system-zlib --with-target-system-zlib=auto --enable-objc-gc=auto --enable-multiarch --disable-werror --with-arch-32=i686 --with-abi=m64 --with-multilib-list=m32,m64,mx32 --enable-multilib --with-tune=generic --enable-offload-targets=nvptx-none=/build/gcc-9-Av3uEd/gcc-9-9.4.0/debian/tmp-nvptx/usr,hsa --without-cuda-driver --enable-checking=release --build=x86_64-linux-gnu --host=x86_64-linux-gnu --target=x86_64-linux-gnu
Thread model: posix
gcc version 9.4.0 (Ubuntu 9.4.0-1ubuntu1~20.04.1) 
COMPILER_PATH=/usr/lib/gcc/x86_64-linux-gnu/9/:/usr/lib/gcc/x86_64-linux-gnu/9/:/usr/lib/gcc/x86_64-linux-gnu/:/usr/lib/gcc/x86_64-linux-gnu/9/:/usr/lib/gcc/x86_64-linux-gnu/
LIBRARY_PATH=/usr/lib/gcc/x86_64-linux-gnu/9/:/usr/lib/gcc/x86_64-linux-gnu/9/../../../x86_64-linux-gnu/:/usr/lib/gcc/x86_64-linux-gnu/9/../../../../lib/:/lib/x86_64-linux-gnu/:/lib/../lib/:/usr/lib/x86_64-linux-gnu/:/usr/lib/../lib/:/usr/lib/gcc/x86_64-linux-gnu/9/../../../:/lib/:/usr/lib/
COLLECT_GCC_OPTIONS='-v' '-o' 'cmTC_e1b9a' '-shared-libgcc' '-mtune=generic' '-march=x86-64'
 /usr/lib/gcc/x86_64-linux-gnu/9/collect2 -plugin /usr/lib/gcc/x86_64-linux-gnu/9/liblto_plugin.so -plugin-opt=/usr/lib/gcc/x86_64-linux-gnu/9/lto-wrapper -plugin-opt=-fresolution=/tmp/ccyXabys.res -plugin-opt=-pass-through=-lgcc_s -plugin-opt=-pass-through=-lgcc -plugin-opt=-pass-through=-lc -plugin-opt=-pass-through=-lgcc_s -plugin-opt=-pass-through=-lgcc --build-id --eh-frame-hdr -m elf_x86_64 --hash-style=gnu --as-needed -dynamic-linker /lib64/ld-linux-x86-64.so.2 -pie -z now -z relro -o cmTC_e1b9a /usr/lib/gcc/x86_64-linux-gnu/9/../../../x86_64-linux-gnu/Scrt1.o /usr/lib/gcc/x86_64-linux-gnu/9/../../../x86_64-linux-gnu/crti.o /usr/lib/gcc/x86_64-linux-gnu/9/crtbeginS.o -L/usr/lib/gcc/x86_64-linux-gnu/9 -L/usr/lib/gcc/x86_64-linux-gnu/9/../../../x86_64-linux-gnu -L/usr/lib/gcc/x86_64-linux-gnu/9/../../../../lib -L/lib/x86_64-linux-gnu -L/lib/../lib -L/usr/lib/x86_64-linux-gnu -L/usr/lib/../lib -L/usr/lib/gcc/x86_64-linux-gnu/9/../../.. CMakeFiles/cmTC_e1b9a.dir/CMakeCXXCompilerABI.cpp.o -lstdc++ -lm -lgcc_s -lgcc -lc -lgcc_s -lgcc /usr/lib/gcc/x86_64-linux-gnu/9/crtendS.o /usr/lib/gcc/x86_64-linux-gnu/9/../../../x86_64-linux-gnu/crtn.o
COLLECT_GCC_OPTIONS='-v' '-o' 'cmTC_e1b9a' '-shared-libgcc' '-mtune=generic' '-march=x86-64'
make[1]: Leaving directory '/home/daniel/bdm_dynamic/CacheLib/build-zstd/CMakeFiles/CMakeTmp'


Parsed CXX implicit link information from above output:
  link line regex: [^( *|.*[/\])(ld|CMAKE_LINK_STARTFILE-NOTFOUND|([^/\]+-)?ld|collect2)[^/\]*( |$)]
  ignore line: [Change Dir: /home/daniel/bdm_dynamic/CacheLib/build-zstd/CMakeFiles/CMakeTmp]
  ignore line: []
  ignore line: [Run Build Command:"/usr/bin/make" "cmTC_e1b9a/fast"]
  ignore line: [/usr/bin/make -f CMakeFiles/cmTC_e1b9a.dir/build.make CMakeFiles/cmTC_e1b9a.dir/build]
  ignore line: [make[1]: Entering directory '/home/daniel/bdm_dynamic/CacheLib/build-zstd/CMakeFiles/CMakeTmp']
  ignore line: [Building CXX object CMakeFiles/cmTC_e1b9a.dir/CMakeCXXCompilerABI.cpp.o]
  ignore line: [/usr/bin/c++     -o CMakeFiles/cmTC_e1b9a.dir/CMakeCXXCompilerABI.cpp.o -c /usr/local/share/cmake-3.13/Modules/CMakeCXXCompilerABI.cpp]
  ignore line: [Linking CXX executable cmTC_e1b9a]
  ignore line: [/usr/local/bin/cmake -E cmake_link_script CMakeFiles/cmTC_e1b9a.dir/link.txt --verbose=1]
  ignore line: [/usr/bin/c++      -v CMakeFiles/cmTC_e1b9a.dir/CMakeCXXCompilerABI.cpp.o  -o cmTC_e1b9a ]
  ignore line: [Using built-in specs.]
  ignore line: [COLLECT_GCC=/usr/bin/c++]
  ignore line: [COLLECT_LTO_WRAPPER=/usr/lib/gcc/x86_64-linux-gnu/9/lto-wrapper]
  ignore line: [OFFLOAD_TARGET_NAMES=nvptx-none:hsa]
  ignore line: [OFFLOAD_TARGET_DEFAULT=1]
  ignore line: [Target: x86_64-linux-gnu]
  ignore line: [Configured with: ../src/configure -v --with-pkgversion='Ubuntu 9.4.0-1ubuntu1~20.04.1' --with-bugurl=file:///usr/share/doc/gcc-9/README.Bugs --enable-languages=c,ada,c++,go,brig,d,fortran,objc,obj-c++,gm2 --prefix=/usr --with-gcc-major-version-only --program-suffix=-9 --program-prefix=x86_64-linux-gnu- --enable-shared --enable-linker-build-id --libexecdir=/usr/lib --without-included-gettext --enable-threads=posix --libdir=/usr/lib --enable-nls --enable-clocale=gnu --enable-libstdcxx-debug --enable-libstdcxx-time=yes --with-default-libstdcxx-abi=new --enable-gnu-unique-object --disable-vtable-verify --enable-plugin --enable-default-pie --with-system-zlib --with-target-system-zlib=auto --enable-objc-gc=auto --enable-multiarch --disable-werror --with-arch-32=i686 --with-abi=m64 --with-multilib-list=m32,m64,mx32 --enable-multilib --with-tune=generic --enable-offload-targets=nvptx-none=/build/gcc-9-Av3uEd/gcc-9-9.4.0/debian/tmp-nvptx/usr,hsa --without-cuda-driver --enable-checking=release --build=x86_64-linux-gnu --host=x86_64-linux-gnu --target=x86_64-linux-gnu]
  ignore line: [Thread model: posix]
  ignore line: [gcc version 9.4.0 (Ubuntu 9.4.0-1ubuntu1~20.04.1) ]
  ignore line: [COMPILER_PATH=/usr/lib/gcc/x86_64-linux-gnu/9/:/usr/lib/gcc/x86_64-linux-gnu/9/:/usr/lib/gcc/x86_64-linux-gnu/:/usr/lib/gcc/x86_64-linux-gnu/9/:/usr/lib/gcc/x86_64-linux-gnu/]
  ignore line: [LIBRARY_PATH=/usr/lib/gcc/x86_64-linux-gnu/9/:/usr/lib/gcc/x86_64-linux-gnu/9/../../../x86_64-linux-gnu/:/usr/lib/gcc/x86_64-linux-gnu/9/../../../../lib/:/lib/x86_64-linux-gnu/:/lib/../lib/:/usr/lib/x86_64-linux-gnu/:/usr/lib/../lib/:/usr/lib/gcc/x86_64-linux-gnu/9/../../../:/lib/:/usr/lib/]
  ignore line: [COLLECT_GCC_OPTIONS='-v' '-o' 'cmTC_e1b9a' '-shared-libgcc' '-mtune=generic' '-march=x86-64']
  link line: [ /usr/lib/gcc/x86_64-linux-gnu/9/collect2 -plugin /usr/lib/gcc/x86_64-linux-gnu/9/liblto_plugin.so -plugin-opt=/usr/lib/gcc/x86_64-linux-gnu/9/lto-wrapper -plugin-opt=-fresolution=/tmp/ccyXabys.res -plugin-opt=-pass-through=-lgcc_s -plugin-opt=-pass-through=-lgcc -plugin-opt=-pass-through=-lc -plugin-opt=-pass-through=-lgcc_s -plugin-opt=-pass-through=-lgcc --build-id --eh-frame-hdr -m elf_x86_64 --hash-style=gnu --as-needed -dynamic-linker /lib64/ld-linux-x86-64.so.2 -pie -z now -z relro -o cmTC_e1b9a /usr/lib/gcc/x86_64-linux-gnu/9/../../../x86_64-linux-gnu/Scrt1.o /usr/lib/gcc/x86_64-linux-gnu/9/../../../x86_64-linux-gnu/crti.o /usr/lib/gcc/x86_64-linux-gnu/9/crtbeginS.o -L/usr/lib/gcc/x86_64-linux-gnu/9 -L/usr/lib/gcc/x86_64-linux-gnu/9/../../../x86_64-linux-gnu -L/usr/lib/gcc/x86_64-linux-gnu/9/../../../../lib -L/lib/x86_64-linux-gnu -L/lib/../lib -L/usr/lib/x86_64-linux-gnu -L/usr/lib/../lib -L/usr/lib/gcc/x86_64-linux-gnu/9/../../.. CMakeFiles/cmTC_e1b9a.dir/CMakeCXXCompilerABI.cpp.o -lstdc++ -lm -lgcc_s -lgcc -lc -lgcc_s -lgcc /usr/lib/gcc/x86_64-linux-gnu/9/crtendS.o /usr/lib/gcc/x86_64-linux-gnu/9/../../../x86_64-linux-gnu/crtn.o]
    arg [/usr/lib/gcc/x86_64-linux-gnu/9/collect2] ==> ignore
    arg [-plugin] ==> ignore
    arg [/usr/lib/gcc/x86_64-linux-gnu/9/liblto_plugin.so] ==> ignore
    arg [-plugin-opt=/usr/lib/gcc/x86_64-linux-gnu/9/lto-wrapper] ==> ignore
    arg [-plugin-opt=-fresolution=/tmp/ccyXabys.res] ==> ignore
    arg [-plugin-opt=-pass-through=-lgcc_s] ==> ignore
    arg [-plugin-opt=-pass-through=-lgcc] ==> ignore
    arg [-plugin-opt=-pass-through=-lc] ==> ignore
    arg [-plugin-opt=-pass-through=-lgcc_s] ==> ignore
    arg [-plugin-opt=-pass-through=-lgcc] ==> ignore
    arg [--build-id] ==> ignore
    arg [--eh-frame-hdr] ==> ignore
    arg [-m] ==> ignore
    arg [elf_x86_64] ==> ignore
    arg [--hash-style=gnu] ==> ignore
    arg [--as-needed] ==> ignore
    arg [-dynamic-linker] ==> ignore
    arg [/lib64/ld-linux-x86-64.so.2] ==> ignore
    arg [-pie] ==> ignore
    arg [-znow] ==> ignore
    arg [-zrelro] ==> ignore
    arg [-o] ==> ignore
    arg [cmTC_e1b9a] ==> ignore
    arg [/usr/lib/gcc/x86_64-linux-gnu/9/../../../x86_64-linux-gnu/Scrt1.o] ==> ignore
    arg [/usr/lib/gcc/x86_64-linux-gnu/9/../../../x86_64-linux-gnu/crti.o] ==> ignore
    arg [/usr/lib/gcc/x86_64-linux-gnu/9/crtbeginS.o] ==> ignore
    arg [-L/usr/lib/gcc/x86_64-linux-gnu/9] ==> dir [/usr/lib/gcc/x86_64-linux-gnu/9]
    arg [-L/usr/lib/gcc/x86_64-linux-gnu/9/../../../x86_64-linux-gnu] ==> dir [/usr/lib/gcc/x86_64-linux-gnu/9/../../../x86_64-linux-gnu]
    arg [-L/usr/lib/gcc/x86_64-linux-gnu/9/../../../../lib] ==> dir [/usr/lib/gcc/x86_64-linux-gnu/9/../../../../lib]
    arg [-L/lib/x86_64-linux-gnu] ==> dir [/lib/x86_64-linux-gnu]
    arg [-L/lib/../lib] ==> dir [/lib/../lib]
    arg [-L/usr/lib/x86_64-linux-gnu] ==> dir [/usr/lib/x86_64-linux-gnu]
    arg [-L/usr/lib/../lib] ==> dir [/usr/lib/../lib]
    arg [-L/usr/lib/gcc/x86_64-linux-gnu/9/../../..] ==> dir [/usr/lib/gcc/x86_64-linux-gnu/9/../../..]
    arg [CMakeFiles/cmTC_e1b9a.dir/CMakeCXXCompilerABI.cpp.o] ==> ignore
    arg [-lstdc++] ==> lib [stdc++]
    arg [-lm] ==> lib [m]
    arg [-lgcc_s] ==> lib [gcc_s]
    arg [-lgcc] ==> lib [gcc]
    arg [-lc] ==> lib [c]
    arg [-lgcc_s] ==> lib [gcc_s]
    arg [-lgcc] ==> lib [gcc]
    arg [/usr/lib/gcc/x86_64-linux-gnu/9/crtendS.o] ==> ignore
    arg [/usr/lib/gcc/x86_64-linux-gnu/9/../../../x86_64-linux-gnu/crtn.o] ==> ignore
  collapse library dir [/usr/lib/gcc/x86_64-linux-gnu/9] ==> [/usr/lib/gcc/x86_64-linux-gnu/9]
  collapse library dir [/usr/lib/gcc/x86_64-linux-gnu/9/../../../x86_64-linux-gnu] ==> [/usr/lib/x86_64-linux-gnu]
  collapse library dir [/usr/lib/gcc/x86_64-linux-gnu/9/../../../../lib] ==> [/usr/lib]
  collapse library dir [/lib/x86_64-linux-gnu] ==> [/lib/x86_64-linux-gnu]
  collapse library dir [/lib/../lib] ==> [/lib]
  collapse library dir [/usr/lib/x86_64-linux-gnu] ==> [/usr/lib/x86_64-linux-gnu]
  collapse library dir [/usr/lib/../lib] ==> [/usr/lib]
  collapse library dir [/usr/lib/gcc/x86_64-linux-gnu/9/../../..] ==> [/usr/lib]
  implicit libs: [stdc++;m;gcc_s;gcc;c;gcc_s;gcc]
  implicit dirs: [/usr/lib/gcc/x86_64-linux-gnu/9;/usr/lib/x86_64-linux-gnu;/usr/lib;/lib/x86_64-linux-gnu;/lib]
  implicit fwks: []




Detecting CXX [-std=c++2a] compiler features compiled with the following output:
Change Dir: /home/daniel/bdm_dynamic/CacheLib/build-zstd/CMakeFiles/CMakeTmp

Run Build Command:"/usr/bin/make" "cmTC_ea776/fast"
/usr/bin/make -f CMakeFiles/cmTC_ea776.dir/build.make CMakeFiles/cmTC_ea776.dir/build
make[1]: Entering directory '/home/daniel/bdm_dynamic/CacheLib/build-zstd/CMakeFiles/CMakeTmp'
Building CXX object CMakeFiles/cmTC_ea776.dir/feature_tests.cxx.o
/usr/bin/c++    -std=c++2a -o CMakeFiles/cmTC_ea776.dir/feature_tests.cxx.o -c /home/daniel/bdm_dynamic/CacheLib/build-zstd/CMakeFiles/feature_tests.cxx
Linking CXX executable cmTC_ea776
/usr/local/bin/cmake -E cmake_link_script CMakeFiles/cmTC_ea776.dir/link.txt --verbose=1
/usr/bin/c++       CMakeFiles/cmTC_ea776.dir/feature_tests.cxx.o  -o cmTC_ea776 
make[1]: Leaving directory '/home/daniel/bdm_dynamic/CacheLib/build-zstd/CMakeFiles/CMakeTmp'


    Feature record: CXX_FEATURE:1cxx_aggregate_default_initializers
    Feature record: CXX_FEATURE:1cxx_alias_templates
    Feature record: CXX_FEATURE:1cxx_alignas
    Feature record: CXX_FEATURE:1cxx_alignof
    Feature record: CXX_FEATURE:1cxx_attributes
    Feature record: CXX_FEATURE:1cxx_attribute_deprecated
    Feature record: CXX_FEATURE:1cxx_auto_type
    Feature record: CXX_FEATURE:1cxx_binary_literals
    Feature record: CXX_FEATURE:1cxx_constexpr
    Feature record: CXX_FEATURE:1cxx_contextual_conversions
    Feature record: CXX_FEATURE:1cxx_decltype
    Feature record: CXX_FEATURE:1cxx_decltype_auto
    Feature record: CXX_FEATURE:1cxx_decltype_incomplete_return_types
    Feature record: CXX_FEATURE:1cxx_default_function_template_args
    Feature record: CXX_FEATURE:1cxx_defaulted_functions
    Feature record: CXX_FEATURE:1cxx_defaulted_move_initializers
    Feature record: CXX_FEATURE:1cxx_delegating_constructors
    Feature record: CXX_FEATURE:1cxx_deleted_functions
    Feature record: CXX_FEATURE:1cxx_digit_separators
    Feature record: CXX_FEATURE:1cxx_enum_forward_declarations
    Feature record: CXX_FEATURE:1cxx_explicit_conversions
    Feature record: CXX_FEATURE:1cxx_extended_friend_declarations
    Feature record: CXX_FEATURE:1cxx_extern_templates
    Feature record: CXX_FEATURE:1cxx_final
    Feature record: CXX_FEATURE:1cxx_func_identifier
    Feature record: CXX_FEATURE:1cxx_generalized_initializers
    Feature record: CXX_FEATURE:1cxx_generic_lambdas
    Feature record: CXX_FEATURE:1cxx_inheriting_constructors
    Feature record: CXX_FEATURE:1cxx_inline_namespaces
    Feature record: CXX_FEATURE:1cxx_lambdas
    Feature record: CXX_FEATURE:1cxx_lambda_init_captures
    Feature record: CXX_FEATURE:1cxx_local_type_template_args
    Feature record: CXX_FEATURE:1cxx_long_long_type
    Feature record: CXX_FEATURE:1cxx_noexcept
    Feature record: CXX_FEATURE:1cxx_nonstatic_member_init
    Feature record: CXX_FEATURE:1cxx_nullptr
    Feature record: CXX_FEATURE:1cxx_override
    Feature record: CXX_FEATURE:1cxx_range_for
    Feature record: CXX_FEATURE:1cxx_raw_string_literals
    Feature record: CXX_FEATURE:1cxx_reference_qualified_functions
    Feature record: CXX_FEATURE:1cxx_relaxed_constexpr
    Feature record: CXX_FEATURE:1cxx_return_type_deduction
    Feature record: CXX_FEATURE:1cxx_right_angle_brackets
    Feature record: CXX_FEATURE:1cxx_rvalue_references
    Feature record: CXX_FEATURE:1cxx_sizeof_member
    Feature record: CXX_FEATURE:1cxx_static_assert
    Feature record: CXX_FEATURE:1cxx_strong_enums
    Feature record: CXX_FEATURE:1cxx_template_template_parameters
    Feature record: CXX_FEATURE:1cxx_thread_local
    Feature record: CXX_FEATURE:1cxx_trailing_return_types
    Feature record: CXX_FEATURE:1cxx_unicode_literals
    Feature record: CXX_FEATURE:1cxx_uniform_initialization
    Feature record: CXX_FEATURE:1cxx_unrestricted_unions
    Feature record: CXX_FEATURE:1cxx_user_literals
    Feature record: CXX_FEATURE:1cxx_variable_templates
    Feature record: CXX_FEATURE:1cxx_variadic_macros
    Feature record: CXX_FEATURE:1cxx_variadic_templates


Detecting CXX [-std=c++17] compiler features compiled with the following output:
Change Dir: /home/daniel/bdm_dynamic/CacheLib/build-zstd/CMakeFiles/CMakeTmp

Run Build Command:"/usr/bin/make" "cmTC_1072a/fast"
/usr/bin/make -f CMakeFiles/cmTC_1072a.dir/build.make CMakeFiles/cmTC_1072a.dir/build
make[1]: Entering directory '/home/daniel/bdm_dynamic/CacheLib/build-zstd/CMakeFiles/CMakeTmp'
Building CXX object CMakeFiles/cmTC_1072a.dir/feature_tests.cxx.o
/usr/bin/c++    -std=c++17 -o CMakeFiles/cmTC_1072a.dir/feature_tests.cxx.o -c /home/daniel/bdm_dynamic/CacheLib/build-zstd/CMakeFiles/feature_tests.cxx
Linking CXX executable cmTC_1072a
/usr/local/bin/cmake -E cmake_link_script CMakeFiles/cmTC_1072a.dir/link.txt --verbose=1
/usr/bin/c++       CMakeFiles/cmTC_1072a.dir/feature_tests.cxx.o  -o cmTC_1072a 
make[1]: Leaving directory '/home/daniel/bdm_dynamic/CacheLib/build-zstd/CMakeFiles/CMakeTmp'


    Feature record: CXX_FEATURE:1cxx_aggregate_default_initializers
    Feature record: CXX_FEATURE:1cxx_alias_templates
    Feature record: CXX_FEATURE:1cxx_alignas
    Feature record: CXX_FEATURE:1cxx_alignof
    Feature record: CXX_FEATURE:1cxx_attributes
    Feature record: CXX_FEATURE:1cxx_attribute_deprecated
    Feature record: CXX_FEATURE:1cxx_auto_type
    Feature record: CXX_FEATURE:1cxx_binary_literals
    Feature record: CXX_FEATURE:1cxx_constexpr
    Feature record: CXX_FEATURE:1cxx_contextual_conversions
    Feature record: CXX_FEATURE:1cxx_decltype
    Feature record: CXX_FEATURE:1cxx_decltype_auto
    Feature record: CXX_FEATURE:1cxx_decltype_incomplete_return_types
    Feature record: CXX_FEATURE:1cxx_default_function_template_args
    Feature record: CXX_FEATURE:1cxx_defaulted_functions
    Feature record: CXX_FEATURE:1cxx_defaulted_move_initializers
    Feature record: CXX_FEATURE:1cxx_delegating_constructors
    Feature record: CXX_FEATURE:1cxx_deleted_functions
    Feature record: CXX_FEATURE:1cxx_digit_separators
    Feature record: CXX_FEATURE:1cxx_enum_forward_declarations
    Feature record: CXX_FEATURE:1cxx_explicit_conversions
    Feature record: CXX_FEATURE:1cxx_extended_friend_declarations
    Feature record: CXX_FEATURE:1cxx_extern_templates
    Feature record: CXX_FEATURE:1cxx_final
    Feature record: CXX_FEATURE:1cxx_func_identifier
    Feature record: CXX_FEATURE:1cxx_generalized_initializers
    Feature record: CXX_FEATURE:1cxx_generic_lambdas
    Feature record: CXX_FEATURE:1cxx_inheriting_constructors
    Feature record: CXX_FEATURE:1cxx_inline_namespaces
    Feature record: CXX_FEATURE:1cxx_lambdas
    Feature record: CXX_FEATURE:1cxx_lambda_init_captures
    Feature record: CXX_FEATURE:1cxx_local_type_template_args
    Feature record: CXX_FEATURE:1cxx_long_long_type
    Feature record: CXX_FEATURE:1cxx_noexcept
    Feature record: CXX_FEATURE:1cxx_nonstatic_member_init
    Feature record: CXX_FEATURE:1cxx_nullptr
    Feature record: CXX_FEATURE:1cxx_override
    Feature record: CXX_FEATURE:1cxx_range_for
    Feature record: CXX_FEATURE:1cxx_raw_string_literals
    Feature record: CXX_FEATURE:1cxx_reference_qualified_functions
    Feature record: CXX_FEATURE:1cxx_relaxed_constexpr
    Feature record: CXX_FEATURE:1cxx_return_type_deduction
    Feature record: CXX_FEATURE:1cxx_right_angle_brackets
    Feature record: CXX_FEATURE:1cxx_rvalue_references
    Feature record: CXX_FEATURE:1cxx_sizeof_member
    Feature record: CXX_FEATURE:1cxx_static_assert
    Feature record: CXX_FEATURE:1cxx_strong_enums
    Feature record: CXX_FEATURE:1cxx_template_template_parameters
    Feature record: CXX_FEATURE:1cxx_thread_local
    Feature record: CXX_FEATURE:1cxx_trailing_return_types
    Feature record: CXX_FEATURE:1cxx_unicode_literals
    Feature record: CXX_FEATURE:1cxx_uniform_initialization
    Feature record: CXX_FEATURE:1cxx_unrestricted_unions
    Feature record: CXX_FEATURE:1cxx_user_literals
    Feature record: CXX_FEATURE:1cxx_variable_templates
    Feature record: CXX_FEATURE:1cxx_variadic_macros
    Feature record: CXX_FEATURE:1cxx_variadic_templates


Detecting CXX [-std=c++14] compiler features compiled with the following output:
Change Dir: /home/daniel/bdm_dynamic/CacheLib/build-zstd/CMakeFiles/CMakeTmp

Run Build Command:"/usr/bin/make" "cmTC_368c9/fast"
/usr/bin/make -f CMakeFiles/cmTC_368c9.dir/build.make CMakeFiles/cmTC_368c9.dir/build
make[1]: Entering directory '/home/daniel/bdm_dynamic/CacheLib/build-zstd/CMakeFiles/CMakeTmp'
Building CXX object CMakeFiles/cmTC_368c9.dir/feature_tests.cxx.o
/usr/bin/c++    -std=c++14 -o CMakeFiles/cmTC_368c9.dir/feature_tests.cxx.o -c /home/daniel/bdm_dynamic/CacheLib/build-zstd/CMakeFiles/feature_tests.cxx
Linking CXX executable cmTC_368c9
/usr/local/bin/cmake -E cmake_link_script CMakeFiles/cmTC_368c9.dir/link.txt --verbose=1
/usr/bin/c++       CMakeFiles/cmTC_368c9.dir/feature_tests.cxx.o  -o cmTC_368c9 
make[1]: Leaving directory '/home/daniel/bdm_dynamic/CacheLib/build-zstd/CMakeFiles/CMakeTmp'


    Feature record: CXX_FEATURE:1cxx_aggregate_default_initializers
    Feature record: CXX_FEATURE:1cxx_alias_templates
    Feature record: CXX_FEATURE:1cxx_alignas
    Feature record: CXX_FEATURE:1cxx_alignof
    Feature record: CXX_FEATURE:1cxx_attributes
    Feature record: CXX_FEATURE:1cxx_attribute_deprecated
    Feature record: CXX_FEATURE:1cxx_auto_type
    Feature record: CXX_FEATURE:1cxx_binary_literals
    Feature record: CXX_FEATURE:1cxx_constexpr
    Feature record: CXX_FEATURE:1cxx_contextual_conversions
    Feature record: CXX_FEATURE:1cxx_decltype
    Feature record: CXX_FEATURE:1cxx_decltype_auto
    Feature record: CXX_FEATURE:1cxx_decltype_incomplete_return_types
    Feature record: CXX_FEATURE:1cxx_default_function_template_args
    Feature record: CXX_FEATURE:1cxx_defaulted_functions
    Feature record: CXX_FEATURE:1cxx_defaulted_move_initializers
    Feature record: CXX_FEATURE:1cxx_delegating_constructors
    Feature record: CXX_FEATURE:1cxx_deleted_functions
    Feature record: CXX_FEATURE:1cxx_digit_separators
    Feature record: CXX_FEATURE:1cxx_enum_forward_declarations
    Feature record: CXX_FEATURE:1cxx_explicit_conversions
    Feature record: CXX_FEATURE:1cxx_extended_friend_declarations
    Feature record: CXX_FEATURE:1cxx_extern_templates
    Feature record: CXX_FEATURE:1cxx_final
    Feature record: CXX_FEATURE:1cxx_func_identifier
    Feature record: CXX_FEATURE:1cxx_generalized_initializers
    Feature record: CXX_FEATURE:1cxx_generic_lambdas
    Feature record: CXX_FEATURE:1cxx_inheriting_constructors
    Feature record: CXX_FEATURE:1cxx_inline_namespaces
    Feature record: CXX_FEATURE:1cxx_lambdas
    Feature record: CXX_FEATURE:1cxx_lambda_init_captures
    Feature record: CXX_FEATURE:1cxx_local_type_template_args
    Feature record: CXX_FEATURE:1cxx_long_long_type
    Feature record: CXX_FEATURE:1cxx_noexcept
    Feature record: CXX_FEATURE:1cxx_nonstatic_member_init
    Feature record: CXX_FEATURE:1cxx_nullptr
    Feature record: CXX_FEATURE:1cxx_override
    Feature record: CXX_FEATURE:1cxx_range_for
    Feature record: CXX_FEATURE:1cxx_raw_string_literals
    Feature record: CXX_FEATURE:1cxx_reference_qualified_functions
    Feature record: CXX_FEATURE:1cxx_relaxed_constexpr
    Feature record: CXX_FEATURE:1cxx_return_type_deduction
    Feature record: CXX_FEATURE:1cxx_right_angle_brackets
    Feature record: CXX_FEATURE:1cxx_rvalue_references
    Feature record: CXX_FEATURE:1cxx_sizeof_member
    Feature record: CXX_FEATURE:1cxx_static_assert
    Feature record: CXX_FEATURE:1cxx_strong_enums
    Feature record: CXX_FEATURE:1cxx_template_template_parameters
    Feature record: CXX_FEATURE:1cxx_thread_local
    Feature record: CXX_FEATURE:1cxx_trailing_return_types
    Feature record: CXX_FEATURE:1cxx_unicode_literals
    Feature record: CXX_FEATURE:1cxx_uniform_initialization
    Feature record: CXX_FEATURE:1cxx_unrestricted_unions
    Feature record: CXX_FEATURE:1cxx_user_literals
    Feature record: CXX_FEATURE:1cxx_variable_templates
    Feature record: CXX_FEATURE:1cxx_variadic_macros
    Feature record: CXX_FEATURE:1cxx_variadic_templates


Detecting CXX [-std=c++11] compiler features compiled with the following output:
Change Dir: /home/daniel/bdm_dynamic/CacheLib/build-zstd/CMakeFiles/CMakeTmp

Run Build Command:"/usr/bin/make" "cmTC_ab102/fast"
/usr/bin/make -f CMakeFiles/cmTC_ab102.dir/build.make CMakeFiles/cmTC_ab102.dir/build
make[1]: Entering directory '/home/daniel/bdm_dynamic/CacheLib/build-zstd/CMakeFiles/CMakeTmp'
Building CXX object CMakeFiles/cmTC_ab102.dir/feature_tests.cxx.o
/usr/bin/c++    -std=c++11 -o CMakeFiles/cmTC_ab102.dir/feature_tests.cxx.o -c /home/daniel/bdm_dynamic/CacheLib/build-zstd/CMakeFiles/feature_tests.cxx
Linking CXX executable cmTC_ab102
/usr/local/bin/cmake -E cmake_link_script CMakeFiles/cmTC_ab102.dir/link.txt --verbose=1
/usr/bin/c++       CMakeFiles/cmTC_ab102.dir/feature_tests.cxx.o  -o cmTC_ab102 
make[1]: Leaving directory '/home/daniel/bdm_dynamic/CacheLib/build-zstd/CMakeFiles/CMakeTmp'


    Feature record: CXX_FEATURE:0cxx_aggregate_default_initializers
    Feature record: CXX_FEATURE:1cxx_alias_templates
    Feature record: CXX_FEATURE:1cxx_alignas
    Feature record: CXX_FEATURE:1cxx_alignof
    Feature record: CXX_FEATURE:1cxx_attributes
    Feature record: CXX_FEATURE:0cxx_attribute_deprecated
    Feature record: CXX_FEATURE:1cxx_auto_type
    Feature record: CXX_FEATURE:0cxx_binary_literals
    Feature record: CXX_FEATURE:1cxx_constexpr
    Feature record: CXX_FEATURE:0cxx_contextual_conversions
    Feature record: CXX_FEATURE:1cxx_decltype
    Feature record: CXX_FEATURE:0cxx_decltype_auto
    Feature record: CXX_FEATURE:1cxx_decltype_incomplete_return_types
    Feature record: CXX_FEATURE:1cxx_default_function_template_args
    Feature record: CXX_FEATURE:1cxx_defaulted_functions
    Feature record: CXX_FEATURE:1cxx_defaulted_move_initializers
    Feature record: CXX_FEATURE:1cxx_delegating_constructors
    Feature record: CXX_FEATURE:1cxx_deleted_functions
    Feature record: CXX_FEATURE:0cxx_digit_separators
    Feature record: CXX_FEATURE:1cxx_enum_forward_declarations
    Feature record: CXX_FEATURE:1cxx_explicit_conversions
    Feature record: CXX_FEATURE:1cxx_extended_friend_declarations
    Feature record: CXX_FEATURE:1cxx_extern_templates
    Feature record: CXX_FEATURE:1cxx_final
    Feature record: CXX_FEATURE:1cxx_func_identifier
    Feature record: CXX_FEATURE:1cxx_generalized_initializers
    Feature record: CXX_FEATURE:0cxx_generic_lambdas
    Feature record: CXX_FEATURE:1cxx_inheriting_constructors
    Feature record: CXX_FEATURE:1cxx_inline_namespaces
    Feature record: CXX_FEATURE:1cxx_lambdas
    Feature record: CXX_FEATURE:0cxx_lambda_init_captures
    Feature record: CXX_FEATURE:1cxx_local_type_template_args
    Feature record: CXX_FEATURE:1cxx_long_long_type
    Feature record: CXX_FEATURE:1cxx_noexcept
    Feature record: CXX_FEATURE:1cxx_nonstatic_member_init
    Feature record: CXX_FEATURE:1cxx_nullptr
    Feature record: CXX_FEATURE:1cxx_override
    Feature record: CXX_FEATURE:1cxx_range_for
    Feature record: CXX_FEATURE:1cxx_raw_string_literals
    Feature record: CXX_FEATURE:1cxx_reference_qualified_functions
    Feature record: CXX_FEATURE:0cxx_relaxed_constexpr
    Feature record: CXX_FEATURE:0cxx_return_type_deduction
    Feature record: CXX_FEATURE:1cxx_right_angle_brackets
    Feature record: CXX_FEATURE:1cxx_rvalue_references
    Feature record: CXX_FEATURE:1cxx_sizeof_member
    Feature record: CXX_FEATURE:1cxx_static_assert
    Feature record: CXX_FEATURE:1cxx_strong_enums
    Feature record: CXX_FEATURE:1cxx_template_template_parameters
    Feature record: CXX_FEATURE:1cxx_thread_local
    Feature record: CXX_FEATURE:1cxx_trailing_return_types
    Feature record: CXX_FEATURE:1cxx_unicode_literals
    Feature record: CXX_FEATURE:1cxx_uniform_initialization
    Feature record: CXX_FEATURE:1cxx_unrestricted_unions
    Feature record: CXX_FEATURE:1cxx_user_literals
    Feature record: CXX_FEATURE:0cxx_variable_templates
    Feature record: CXX_FEATURE:1cxx_variadic_macros
    Feature record: CXX_FEATURE:1cxx_variadic_templates


Detecting CXX [-std=c++98] compiler features compiled with the following output:
Change Dir: /home/daniel/bdm_dynamic/CacheLib/build-zstd/CMakeFiles/CMakeTmp

Run Build Command:"/usr/bin/make" "cmTC_2f600/fast"
/usr/bin/make -f CMakeFiles/cmTC_2f600.dir/build.make CMakeFiles/cmTC_2f600.dir/build
make[1]: Entering directory '/home/daniel/bdm_dynamic/CacheLib/build-zstd/CMakeFiles/CMakeTmp'
Building CXX object CMakeFiles/cmTC_2f600.dir/feature_tests.cxx.o
/usr/bin/c++    -std=c++98 -o CMakeFiles/cmTC_2f600.dir/feature_tests.cxx.o -c /home/daniel/bdm_dynamic/CacheLib/build-zstd/CMakeFiles/feature_tests.cxx
Linking CXX executable cmTC_2f600
/usr/local/bin/cmake -E cmake_link_script CMakeFiles/cmTC_2f600.dir/link.txt --verbose=1
/usr/bin/c++       CMakeFiles/cmTC_2f600.dir/feature_tests.cxx.o  -o cmTC_2f600 
make[1]: Leaving directory '/home/daniel/bdm_dynamic/CacheLib/build-zstd/CMakeFiles/CMakeTmp'


    Feature record: CXX_FEATURE:0cxx_aggregate_default_initializers
    Feature record: CXX_FEATURE:0cxx_alias_templates
    Feature record: CXX_FEATURE:0cxx_alignas
    Feature record: CXX_FEATURE:0cxx_alignof
    Feature record: CXX_FEATURE:0cxx_attributes
    Feature record: CXX_FEATURE:0cxx_attribute_deprecated
    Feature record: CXX_FEATURE:0cxx_auto_type
    Feature record: CXX_FEATURE:0cxx_binary_literals
    Feature record: CXX_FEATURE:0cxx_constexpr
    Feature record: CXX_FEATURE:0cxx_contextual_conversions
    Feature record: CXX_FEATURE:0cxx_decltype
    Feature record: CXX_FEATURE:0cxx_decltype_auto
    Feature record: CXX_FEATURE:0cxx_decltype_incomplete_return_types
    Feature record: CXX_FEATURE:0cxx_default_function_template_args
    Feature record: CXX_FEATURE:0cxx_defaulted_functions
    Feature record: CXX_FEATURE:0cxx_defaulted_move_initializers
    Feature record: CXX_FEATURE:0cxx_delegating_constructors
    Feature record: CXX_FEATURE:0cxx_deleted_functions
    Feature record: CXX_FEATURE:0cxx_digit_separators
    Feature record: CXX_FEATURE:0cxx_enum_forward_declarations
    Feature record: CXX_FEATURE:0cxx_explicit_conversions
    Feature record: CXX_FEATURE:0cxx_extended_friend_declarations
    Feature record: CXX_FEATURE:0cxx_extern_templates
    Feature record: CXX_FEATURE:0cxx_final
    Feature record: CXX_FEATURE:0cxx_func_identifier
    Feature record: CXX_FEATURE:0cxx_generalized_initializers
    Feature record: CXX_FEATURE:0cxx_generic_lambdas
    Feature record: CXX_FEATURE:0cxx_inheriting_constructors
    Feature record: CXX_FEATURE:0cxx_inline_namespaces
    Feature record: CXX_FEATURE:0cxx_lambdas
    Feature record: CXX_FEATURE:0cxx_lambda_init_captures
    Feature record: CXX_FEATURE:0cxx_local_type_template_args
    Feature record: CXX_FEATURE:0cxx_long_long_type
    Feature record: CXX_FEATURE:0cxx_noexcept
    Feature record: CXX_FEATURE:0cxx_nonstatic_member_init
    Feature record: CXX_FEATURE:0cxx_nullptr
    Feature record: CXX_FEATURE:0cxx_override
    Feature record: CXX_FEATURE:0cxx_range_for
    Feature record: CXX_FEATURE:0cxx_raw_string_literals
    Feature record: CXX_FEATURE:0cxx_reference_qualified_functions
    Feature record: CXX_FEATURE:0cxx_relaxed_constexpr
    Feature record: CXX_FEATURE:0cxx_return_type_deduction
    Feature record: CXX_FEATURE:0cxx_right_angle_brackets
    Feature record: CXX_FEATURE:0cxx_rvalue_references
    Feature record: CXX_FEATURE:0cxx_sizeof_member
    Feature record: CXX_FEATURE:0cxx_static_assert
    Feature record: CXX_FEATURE:0cxx_strong_enums
    Feature record: CXX_FEATURE:1cxx_template_template_parameters
    Feature record: CXX_FEATURE:0cxx_thread_local
    Feature record: CXX_FEATURE:0cxx_trailing_return_types
    Feature record: CXX_FEATURE:0cxx_unicode_literals
    Feature record: CXX_FEATURE:0cxx_uniform_initialization
    Feature record: CXX_FEATURE:0cxx_unrestricted_unions
    Feature record: CXX_FEATURE:0cxx_user_literals
    Feature record: CXX_FEATURE:0cxx_variable_templates
    Feature record: CXX_FEATURE:0cxx_variadic_macros
    Feature record: CXX_FEATURE:0cxx_variadic_templates
Performing C++ SOURCE FILE Test CXX_FLAG_STD_CPLUSPLUS11 succeeded with the following output:
Change Dir: /home/daniel/bdm_dynamic/CacheLib/build-zstd/CMakeFiles/CMakeTmp

Run Build Command:"/usr/bin/make" "cmTC_a88f8/fast"
/usr/bin/make -f CMakeFiles/cmTC_a88f8.dir/build.make CMakeFiles/cmTC_a88f8.dir/build
make[1]: Entering directory '/home/daniel/bdm_dynamic/CacheLib/build-zstd/CMakeFiles/CMakeTmp'
Building CXX object CMakeFiles/cmTC_a88f8.dir/src.cxx.o
/usr/bin/c++    -DCXX_FLAG_STD_CPLUSPLUS11   -std=c++11 -o CMakeFiles/cmTC_a88f8.dir/src.cxx.o -c /home/daniel/bdm_dynamic/CacheLib/build-zstd/CMakeFiles/CMakeTmp/src.cxx
Linking CXX executable cmTC_a88f8
/usr/local/bin/cmake -E cmake_link_script CMakeFiles/cmTC_a88f8.dir/link.txt --verbose=1
/usr/bin/c++   -DCXX_FLAG_STD_CPLUSPLUS11    CMakeFiles/cmTC_a88f8.dir/src.cxx.o  -o cmTC_a88f8 
make[1]: Leaving directory '/home/daniel/bdm_dynamic/CacheLib/build-zstd/CMakeFiles/CMakeTmp'

Source file was:
int main() { return 0; }
Performing C SOURCE FILE Test C_FLAG_STD_C99 succeeded with the following output:
Change Dir: /home/daniel/bdm_dynamic/CacheLib/build-zstd/CMakeFiles/CMakeTmp

Run Build Command:"/usr/bin/make" "cmTC_20816/fast"
/usr/bin/make -f CMakeFiles/cmTC_20816.dir/build.make CMakeFiles/cmTC_20816.dir/build
make[1]: Entering directory '/home/daniel/bdm_dynamic/CacheLib/build-zstd/CMakeFiles/CMakeTmp'
Building C object CMakeFiles/cmTC_20816.dir/src.c.o
/usr/bin/cc   -DC_FLAG_STD_C99   -std=c99 -o CMakeFiles/cmTC_20816.dir/src.c.o   -c /home/daniel/bdm_dynamic/CacheLib/build-zstd/CMakeFiles/CMakeTmp/src.c
Linking C executable cmTC_20816
/usr/local/bin/cmake -E cmake_link_script CMakeFiles/cmTC_20816.dir/link.txt --verbose=1
/usr/bin/cc  -DC_FLAG_STD_C99    CMakeFiles/cmTC_20816.dir/src.c.o  -o cmTC_20816 
make[1]: Leaving directory '/home/daniel/bdm_dynamic/CacheLib/build-zstd/CMakeFiles/CMakeTmp'

Source file was:
int main(void) { return 0; }
Performing C SOURCE FILE Test C_FLAG_WALL succeeded with the following output:
Change Dir: /home/daniel/bdm_dynamic/CacheLib/build-zstd/CMakeFiles/CMakeTmp

Run Build Command:"/usr/bin/make" "cmTC_59dc7/fast"
/usr/bin/make -f CMakeFiles/cmTC_59dc7.dir/build.make CMakeFiles/cmTC_59dc7.dir/build
make[1]: Entering directory '/home/daniel/bdm_dynamic/CacheLib/build-zstd/CMakeFiles/CMakeTmp'
Building C object CMakeFiles/cmTC_59dc7.dir/src.c.o
/usr/bin/cc   -std=c99 -DC_FLAG_WALL   -Wall -o CMakeFiles/cmTC_59dc7.dir/src.c.o   -c /home/daniel/bdm_dynamic/CacheLib/build-zstd/CMakeFiles/CMakeTmp/src.c
Linking C executable cmTC_59dc7
/usr/local/bin/cmake -E cmake_link_script CMakeFiles/cmTC_59dc7.dir/link.txt --verbose=1
/usr/bin/cc  -std=c99 -DC_FLAG_WALL    CMakeFiles/cmTC_59dc7.dir/src.c.o  -o cmTC_59dc7 
make[1]: Leaving directory '/home/daniel/bdm_dynamic/CacheLib/build-zstd/CMakeFiles/CMakeTmp'

Source file was:
int main(void) { return 0; }
Performing C++ SOURCE FILE Test CXX_FLAG_WALL succeeded with the following output:
Change Dir: /home/daniel/bdm_dynamic/CacheLib/build-zstd/CMakeFiles/CMakeTmp

Run Build Command:"/usr/bin/make" "cmTC_2b338/fast"
/usr/bin/make -f CMakeFiles/cmTC_2b338.dir/build.make CMakeFiles/cmTC_2b338.dir/build
make[1]: Entering directory '/home/daniel/bdm_dynamic/CacheLib/build-zstd/CMakeFiles/CMakeTmp'
Building CXX object CMakeFiles/cmTC_2b338.dir/src.cxx.o
/usr/bin/c++    -std=c++11 -DCXX_FLAG_WALL   -Wall -o CMakeFiles/cmTC_2b338.dir/src.cxx.o -c /home/daniel/bdm_dynamic/CacheLib/build-zstd/CMakeFiles/CMakeTmp/src.cxx
Linking CXX executable cmTC_2b338
/usr/local/bin/cmake -E cmake_link_script CMakeFiles/cmTC_2b338.dir/link.txt --verbose=1
/usr/bin/c++   -std=c++11 -DCXX_FLAG_WALL    CMakeFiles/cmTC_2b338.dir/src.cxx.o  -o cmTC_2b338 
make[1]: Leaving directory '/home/daniel/bdm_dynamic/CacheLib/build-zstd/CMakeFiles/CMakeTmp'

Source file was:
int main() { return 0; }
Performing C SOURCE FILE Test C_FLAG_WEXTRA succeeded with the following output:
Change Dir: /home/daniel/bdm_dynamic/CacheLib/build-zstd/CMakeFiles/CMakeTmp

Run Build Command:"/usr/bin/make" "cmTC_7cc03/fast"
/usr/bin/make -f CMakeFiles/cmTC_7cc03.dir/build.make CMakeFiles/cmTC_7cc03.dir/build
make[1]: Entering directory '/home/daniel/bdm_dynamic/CacheLib/build-zstd/CMakeFiles/CMakeTmp'
Building C object CMakeFiles/cmTC_7cc03.dir/src.c.o
/usr/bin/cc   -std=c99 -Wall -DC_FLAG_WEXTRA   -Wextra -o CMakeFiles/cmTC_7cc03.dir/src.c.o   -c /home/daniel/bdm_dynamic/CacheLib/build-zstd/CMakeFiles/CMakeTmp/src.c
Linking C executable cmTC_7cc03
/usr/local/bin/cmake -E cmake_link_script CMakeFiles/cmTC_7cc03.dir/link.txt --verbose=1
/usr/bin/cc  -std=c99 -Wall -DC_FLAG_WEXTRA    CMakeFiles/cmTC_7cc03.dir/src.c.o  -o cmTC_7cc03 
make[1]: Leaving directory '/home/daniel/bdm_dynamic/CacheLib/build-zstd/CMakeFiles/CMakeTmp'

Source file was:
int main(void) { return 0; }
Performing C++ SOURCE FILE Test CXX_FLAG_WEXTRA succeeded with the following output:
Change Dir: /home/daniel/bdm_dynamic/CacheLib/build-zstd/CMakeFiles/CMakeTmp

Run Build Command:"/usr/bin/make" "cmTC_8486f/fast"
/usr/bin/make -f CMakeFiles/cmTC_8486f.dir/build.make CMakeFiles/cmTC_8486f.dir/build
make[1]: Entering directory '/home/daniel/bdm_dynamic/CacheLib/build-zstd/CMakeFiles/CMakeTmp'
Building CXX object CMakeFiles/cmTC_8486f.dir/src.cxx.o
/usr/bin/c++    -std=c++11 -Wall -DCXX_FLAG_WEXTRA   -Wextra -o CMakeFiles/cmTC_8486f.dir/src.cxx.o -c /home/daniel/bdm_dynamic/CacheLib/build-zstd/CMakeFiles/CMakeTmp/src.cxx
Linking CXX executable cmTC_8486f
/usr/local/bin/cmake -E cmake_link_script CMakeFiles/cmTC_8486f.dir/link.txt --verbose=1
/usr/bin/c++   -std=c++11 -Wall -DCXX_FLAG_WEXTRA    CMakeFiles/cmTC_8486f.dir/src.cxx.o  -o cmTC_8486f 
make[1]: Leaving directory '/home/daniel/bdm_dynamic/CacheLib/build-zstd/CMakeFiles/CMakeTmp'

Source file was:
int main() { return 0; }
Performing C SOURCE FILE Test C_FLAG_WUNDEF succeeded with the following output:
Change Dir: /home/daniel/bdm_dynamic/CacheLib/build-zstd/CMakeFiles/CMakeTmp

Run Build Command:"/usr/bin/make" "cmTC_66b09/fast"
/usr/bin/make -f CMakeFiles/cmTC_66b09.dir/build.make CMakeFiles/cmTC_66b09.dir/build
make[1]: Entering directory '/home/daniel/bdm_dynamic/CacheLib/build-zstd/CMakeFiles/CMakeTmp'
Building C object CMakeFiles/cmTC_66b09.dir/src.c.o
/usr/bin/cc   -std=c99 -Wall -Wextra -DC_FLAG_WUNDEF   -Wundef -o CMakeFiles/cmTC_66b09.dir/src.c.o   -c /home/daniel/bdm_dynamic/CacheLib/build-zstd/CMakeFiles/CMakeTmp/src.c
Linking C executable cmTC_66b09
/usr/local/bin/cmake -E cmake_link_script CMakeFiles/cmTC_66b09.dir/link.txt --verbose=1
/usr/bin/cc  -std=c99 -Wall -Wextra -DC_FLAG_WUNDEF    CMakeFiles/cmTC_66b09.dir/src.c.o  -o cmTC_66b09 
make[1]: Leaving directory '/home/daniel/bdm_dynamic/CacheLib/build-zstd/CMakeFiles/CMakeTmp'

Source file was:
int main(void) { return 0; }
Performing C++ SOURCE FILE Test CXX_FLAG_WUNDEF succeeded with the following output:
Change Dir: /home/daniel/bdm_dynamic/CacheLib/build-zstd/CMakeFiles/CMakeTmp

Run Build Command:"/usr/bin/make" "cmTC_737bf/fast"
/usr/bin/make -f CMakeFiles/cmTC_737bf.dir/build.make CMakeFiles/cmTC_737bf.dir/build
make[1]: Entering directory '/home/daniel/bdm_dynamic/CacheLib/build-zstd/CMakeFiles/CMakeTmp'
Building CXX object CMakeFiles/cmTC_737bf.dir/src.cxx.o
/usr/bin/c++    -std=c++11 -Wall -Wextra -DCXX_FLAG_WUNDEF   -Wundef -o CMakeFiles/cmTC_737bf.dir/src.cxx.o -c /home/daniel/bdm_dynamic/CacheLib/build-zstd/CMakeFiles/CMakeTmp/src.cxx
Linking CXX executable cmTC_737bf
/usr/local/bin/cmake -E cmake_link_script CMakeFiles/cmTC_737bf.dir/link.txt --verbose=1
/usr/bin/c++   -std=c++11 -Wall -Wextra -DCXX_FLAG_WUNDEF    CMakeFiles/cmTC_737bf.dir/src.cxx.o  -o cmTC_737bf 
make[1]: Leaving directory '/home/daniel/bdm_dynamic/CacheLib/build-zstd/CMakeFiles/CMakeTmp'

Source file was:
int main() { return 0; }
Performing C SOURCE FILE Test C_FLAG_WSHADOW succeeded with the following output:
Change Dir: /home/daniel/bdm_dynamic/CacheLib/build-zstd/CMakeFiles/CMakeTmp

Run Build Command:"/usr/bin/make" "cmTC_2342a/fast"
/usr/bin/make -f CMakeFiles/cmTC_2342a.dir/build.make CMakeFiles/cmTC_2342a.dir/build
make[1]: Entering directory '/home/daniel/bdm_dynamic/CacheLib/build-zstd/CMakeFiles/CMakeTmp'
Building C object CMakeFiles/cmTC_2342a.dir/src.c.o
/usr/bin/cc   -std=c99 -Wall -Wextra -Wundef -DC_FLAG_WSHADOW   -Wshadow -o CMakeFiles/cmTC_2342a.dir/src.c.o   -c /home/daniel/bdm_dynamic/CacheLib/build-zstd/CMakeFiles/CMakeTmp/src.c
Linking C executable cmTC_2342a
/usr/local/bin/cmake -E cmake_link_script CMakeFiles/cmTC_2342a.dir/link.txt --verbose=1
/usr/bin/cc  -std=c99 -Wall -Wextra -Wundef -DC_FLAG_WSHADOW    CMakeFiles/cmTC_2342a.dir/src.c.o  -o cmTC_2342a 
make[1]: Leaving directory '/home/daniel/bdm_dynamic/CacheLib/build-zstd/CMakeFiles/CMakeTmp'

Source file was:
int main(void) { return 0; }
Performing C++ SOURCE FILE Test CXX_FLAG_WSHADOW succeeded with the following output:
Change Dir: /home/daniel/bdm_dynamic/CacheLib/build-zstd/CMakeFiles/CMakeTmp

Run Build Command:"/usr/bin/make" "cmTC_06bcf/fast"
/usr/bin/make -f CMakeFiles/cmTC_06bcf.dir/build.make CMakeFiles/cmTC_06bcf.dir/build
make[1]: Entering directory '/home/daniel/bdm_dynamic/CacheLib/build-zstd/CMakeFiles/CMakeTmp'
Building CXX object CMakeFiles/cmTC_06bcf.dir/src.cxx.o
/usr/bin/c++    -std=c++11 -Wall -Wextra -Wundef -DCXX_FLAG_WSHADOW   -Wshadow -o CMakeFiles/cmTC_06bcf.dir/src.cxx.o -c /home/daniel/bdm_dynamic/CacheLib/build-zstd/CMakeFiles/CMakeTmp/src.cxx
Linking CXX executable cmTC_06bcf
/usr/local/bin/cmake -E cmake_link_script CMakeFiles/cmTC_06bcf.dir/link.txt --verbose=1
/usr/bin/c++   -std=c++11 -Wall -Wextra -Wundef -DCXX_FLAG_WSHADOW    CMakeFiles/cmTC_06bcf.dir/src.cxx.o  -o cmTC_06bcf 
make[1]: Leaving directory '/home/daniel/bdm_dynamic/CacheLib/build-zstd/CMakeFiles/CMakeTmp'

Source file was:
int main() { return 0; }
Performing C SOURCE FILE Test C_FLAG_WCAST_ALIGN succeeded with the following output:
Change Dir: /home/daniel/bdm_dynamic/CacheLib/build-zstd/CMakeFiles/CMakeTmp

Run Build Command:"/usr/bin/make" "cmTC_c3cc0/fast"
/usr/bin/make -f CMakeFiles/cmTC_c3cc0.dir/build.make CMakeFiles/cmTC_c3cc0.dir/build
make[1]: Entering directory '/home/daniel/bdm_dynamic/CacheLib/build-zstd/CMakeFiles/CMakeTmp'
Building C object CMakeFiles/cmTC_c3cc0.dir/src.c.o
/usr/bin/cc   -std=c99 -Wall -Wextra -Wundef -Wshadow -DC_FLAG_WCAST_ALIGN   -Wcast-align -o CMakeFiles/cmTC_c3cc0.dir/src.c.o   -c /home/daniel/bdm_dynamic/CacheLib/build-zstd/CMakeFiles/CMakeTmp/src.c
Linking C executable cmTC_c3cc0
/usr/local/bin/cmake -E cmake_link_script CMakeFiles/cmTC_c3cc0.dir/link.txt --verbose=1
/usr/bin/cc  -std=c99 -Wall -Wextra -Wundef -Wshadow -DC_FLAG_WCAST_ALIGN    CMakeFiles/cmTC_c3cc0.dir/src.c.o  -o cmTC_c3cc0 
make[1]: Leaving directory '/home/daniel/bdm_dynamic/CacheLib/build-zstd/CMakeFiles/CMakeTmp'

Source file was:
int main(void) { return 0; }
Performing C++ SOURCE FILE Test CXX_FLAG_WCAST_ALIGN succeeded with the following output:
Change Dir: /home/daniel/bdm_dynamic/CacheLib/build-zstd/CMakeFiles/CMakeTmp

Run Build Command:"/usr/bin/make" "cmTC_64fa9/fast"
/usr/bin/make -f CMakeFiles/cmTC_64fa9.dir/build.make CMakeFiles/cmTC_64fa9.dir/build
make[1]: Entering directory '/home/daniel/bdm_dynamic/CacheLib/build-zstd/CMakeFiles/CMakeTmp'
Building CXX object CMakeFiles/cmTC_64fa9.dir/src.cxx.o
/usr/bin/c++    -std=c++11 -Wall -Wextra -Wundef -Wshadow -DCXX_FLAG_WCAST_ALIGN   -Wcast-align -o CMakeFiles/cmTC_64fa9.dir/src.cxx.o -c /home/daniel/bdm_dynamic/CacheLib/build-zstd/CMakeFiles/CMakeTmp/src.cxx
Linking CXX executable cmTC_64fa9
/usr/local/bin/cmake -E cmake_link_script CMakeFiles/cmTC_64fa9.dir/link.txt --verbose=1
/usr/bin/c++   -std=c++11 -Wall -Wextra -Wundef -Wshadow -DCXX_FLAG_WCAST_ALIGN    CMakeFiles/cmTC_64fa9.dir/src.cxx.o  -o cmTC_64fa9 
make[1]: Leaving directory '/home/daniel/bdm_dynamic/CacheLib/build-zstd/CMakeFiles/CMakeTmp'

Source file was:
int main() { return 0; }
Performing C SOURCE FILE Test C_FLAG_WCAST_QUAL succeeded with the following output:
Change Dir: /home/daniel/bdm_dynamic/CacheLib/build-zstd/CMakeFiles/CMakeTmp

Run Build Command:"/usr/bin/make" "cmTC_d03d6/fast"
/usr/bin/make -f CMakeFiles/cmTC_d03d6.dir/build.make CMakeFiles/cmTC_d03d6.dir/build
make[1]: Entering directory '/home/daniel/bdm_dynamic/CacheLib/build-zstd/CMakeFiles/CMakeTmp'
Building C object CMakeFiles/cmTC_d03d6.dir/src.c.o
/usr/bin/cc   -std=c99 -Wall -Wextra -Wundef -Wshadow -Wcast-align -DC_FLAG_WCAST_QUAL   -Wcast-qual -o CMakeFiles/cmTC_d03d6.dir/src.c.o   -c /home/daniel/bdm_dynamic/CacheLib/build-zstd/CMakeFiles/CMakeTmp/src.c
Linking C executable cmTC_d03d6
/usr/local/bin/cmake -E cmake_link_script CMakeFiles/cmTC_d03d6.dir/link.txt --verbose=1
/usr/bin/cc  -std=c99 -Wall -Wextra -Wundef -Wshadow -Wcast-align -DC_FLAG_WCAST_QUAL    CMakeFiles/cmTC_d03d6.dir/src.c.o  -o cmTC_d03d6 
make[1]: Leaving directory '/home/daniel/bdm_dynamic/CacheLib/build-zstd/CMakeFiles/CMakeTmp'

Source file was:
int main(void) { return 0; }
Performing C++ SOURCE FILE Test CXX_FLAG_WCAST_QUAL succeeded with the following output:
Change Dir: /home/daniel/bdm_dynamic/CacheLib/build-zstd/CMakeFiles/CMakeTmp

Run Build Command:"/usr/bin/make" "cmTC_48a7a/fast"
/usr/bin/make -f CMakeFiles/cmTC_48a7a.dir/build.make CMakeFiles/cmTC_48a7a.dir/build
make[1]: Entering directory '/home/daniel/bdm_dynamic/CacheLib/build-zstd/CMakeFiles/CMakeTmp'
Building CXX object CMakeFiles/cmTC_48a7a.dir/src.cxx.o
/usr/bin/c++    -std=c++11 -Wall -Wextra -Wundef -Wshadow -Wcast-align -DCXX_FLAG_WCAST_QUAL   -Wcast-qual -o CMakeFiles/cmTC_48a7a.dir/src.cxx.o -c /home/daniel/bdm_dynamic/CacheLib/build-zstd/CMakeFiles/CMakeTmp/src.cxx
Linking CXX executable cmTC_48a7a
/usr/local/bin/cmake -E cmake_link_script CMakeFiles/cmTC_48a7a.dir/link.txt --verbose=1
/usr/bin/c++   -std=c++11 -Wall -Wextra -Wundef -Wshadow -Wcast-align -DCXX_FLAG_WCAST_QUAL    CMakeFiles/cmTC_48a7a.dir/src.cxx.o  -o cmTC_48a7a 
make[1]: Leaving directory '/home/daniel/bdm_dynamic/CacheLib/build-zstd/CMakeFiles/CMakeTmp'

Source file was:
int main() { return 0; }
Performing C SOURCE FILE Test C_FLAG_WSTRICT_PROTOTYPES succeeded with the following output:
Change Dir: /home/daniel/bdm_dynamic/CacheLib/build-zstd/CMakeFiles/CMakeTmp

Run Build Command:"/usr/bin/make" "cmTC_79794/fast"
/usr/bin/make -f CMakeFiles/cmTC_79794.dir/build.make CMakeFiles/cmTC_79794.dir/build
make[1]: Entering directory '/home/daniel/bdm_dynamic/CacheLib/build-zstd/CMakeFiles/CMakeTmp'
Building C object CMakeFiles/cmTC_79794.dir/src.c.o
/usr/bin/cc   -std=c99 -Wall -Wextra -Wundef -Wshadow -Wcast-align -Wcast-qual -DC_FLAG_WSTRICT_PROTOTYPES   -Wstrict-prototypes -o CMakeFiles/cmTC_79794.dir/src.c.o   -c /home/daniel/bdm_dynamic/CacheLib/build-zstd/CMakeFiles/CMakeTmp/src.c
Linking C executable cmTC_79794
/usr/local/bin/cmake -E cmake_link_script CMakeFiles/cmTC_79794.dir/link.txt --verbose=1
/usr/bin/cc  -std=c99 -Wall -Wextra -Wundef -Wshadow -Wcast-align -Wcast-qual -DC_FLAG_WSTRICT_PROTOTYPES    CMakeFiles/cmTC_79794.dir/src.c.o  -o cmTC_79794 
make[1]: Leaving directory '/home/daniel/bdm_dynamic/CacheLib/build-zstd/CMakeFiles/CMakeTmp'

Source file was:
int main(void) { return 0; }
Performing C SOURCE FILE Test C_FLAG_DDEBUGLEVEL_1 succeeded with the following output:
Change Dir: /home/daniel/bdm_dynamic/CacheLib/build-zstd/CMakeFiles/CMakeTmp

Run Build Command:"/usr/bin/make" "cmTC_b64a0/fast"
/usr/bin/make -f CMakeFiles/cmTC_b64a0.dir/build.make CMakeFiles/cmTC_b64a0.dir/build
make[1]: Entering directory '/home/daniel/bdm_dynamic/CacheLib/build-zstd/CMakeFiles/CMakeTmp'
Building C object CMakeFiles/cmTC_b64a0.dir/src.c.o
/usr/bin/cc -DDEBUGLEVEL=1  -std=c99 -Wall -Wextra -Wundef -Wshadow -Wcast-align -Wcast-qual -Wstrict-prototypes -DC_FLAG_DDEBUGLEVEL_1   -o CMakeFiles/cmTC_b64a0.dir/src.c.o   -c /home/daniel/bdm_dynamic/CacheLib/build-zstd/CMakeFiles/CMakeTmp/src.c
Linking C executable cmTC_b64a0
/usr/local/bin/cmake -E cmake_link_script CMakeFiles/cmTC_b64a0.dir/link.txt --verbose=1
/usr/bin/cc  -std=c99 -Wall -Wextra -Wundef -Wshadow -Wcast-align -Wcast-qual -Wstrict-prototypes -DC_FLAG_DDEBUGLEVEL_1    CMakeFiles/cmTC_b64a0.dir/src.c.o  -o cmTC_b64a0 
make[1]: Leaving directory '/home/daniel/bdm_dynamic/CacheLib/build-zstd/CMakeFiles/CMakeTmp'

Source file was:
int main(void) { return 0; }
Performing C++ SOURCE FILE Test CXX_FLAG_DDEBUGLEVEL_1 succeeded with the following output:
Change Dir: /home/daniel/bdm_dynamic/CacheLib/build-zstd/CMakeFiles/CMakeTmp

Run Build Command:"/usr/bin/make" "cmTC_73df8/fast"
/usr/bin/make -f CMakeFiles/cmTC_73df8.dir/build.make CMakeFiles/cmTC_73df8.dir/build
make[1]: Entering directory '/home/daniel/bdm_dynamic/CacheLib/build-zstd/CMakeFiles/CMakeTmp'
Building CXX object CMakeFiles/cmTC_73df8.dir/src.cxx.o
/usr/bin/c++  -DDEBUGLEVEL=1  -std=c++11 -Wall -Wextra -Wundef -Wshadow -Wcast-align -Wcast-qual -DCXX_FLAG_DDEBUGLEVEL_1   -o CMakeFiles/cmTC_73df8.dir/src.cxx.o -c /home/daniel/bdm_dynamic/CacheLib/build-zstd/CMakeFiles/CMakeTmp/src.cxx
Linking CXX executable cmTC_73df8
/usr/local/bin/cmake -E cmake_link_script CMakeFiles/cmTC_73df8.dir/link.txt --verbose=1
/usr/bin/c++   -std=c++11 -Wall -Wextra -Wundef -Wshadow -Wcast-align -Wcast-qual -DCXX_FLAG_DDEBUGLEVEL_1    CMakeFiles/cmTC_73df8.dir/src.cxx.o  -o cmTC_73df8 
make[1]: Leaving directory '/home/daniel/bdm_dynamic/CacheLib/build-zstd/CMakeFiles/CMakeTmp'

Source file was:
int main() { return 0; }
Determining if the include file pthread.h exists passed with the following output:
Change Dir: /home/daniel/bdm_dynamic/CacheLib/build-zstd/CMakeFiles/CMakeTmp

Run Build Command:"/usr/bin/make" "cmTC_911e9/fast"
/usr/bin/make -f CMakeFiles/cmTC_911e9.dir/build.make CMakeFiles/cmTC_911e9.dir/build
make[1]: Entering directory '/home/daniel/bdm_dynamic/CacheLib/build-zstd/CMakeFiles/CMakeTmp'
Building C object CMakeFiles/cmTC_911e9.dir/CheckIncludeFile.c.o
/usr/bin/cc   -std=c99 -Wall -Wextra -Wundef -Wshadow -Wcast-align -Wcast-qual -Wstrict-prototypes -DDEBUGLEVEL=1    -o CMakeFiles/cmTC_911e9.dir/CheckIncludeFile.c.o   -c /home/daniel/bdm_dynamic/CacheLib/build-zstd/CMakeFiles/CMakeTmp/CheckIncludeFile.c
Linking C executable cmTC_911e9
/usr/local/bin/cmake -E cmake_link_script CMakeFiles/cmTC_911e9.dir/link.txt --verbose=1
/usr/bin/cc  -std=c99 -Wall -Wextra -Wundef -Wshadow -Wcast-align -Wcast-qual -Wstrict-prototypes -DDEBUGLEVEL=1     CMakeFiles/cmTC_911e9.dir/CheckIncludeFile.c.o  -o cmTC_911e9 
make[1]: Leaving directory '/home/daniel/bdm_dynamic/CacheLib/build-zstd/CMakeFiles/CMakeTmp'


Checking whether the ASM compiler is GNU using "--version" matched "(GNU assembler)|(GCC)|(Free Software Foundation)":
cc (Ubuntu 9.4.0-1ubuntu1~20.04.1) 9.4.0
Copyright (C) 2019 Free Software Foundation, Inc.
This is free software; see the source for copying conditions.  There is NO
warranty; not even for MERCHANTABILITY or FITNESS FOR A PARTICULAR PURPOSE.

